#! /usr/bin/vvp
:ivl_version "10.1 (stable)";
:ivl_delay_selection "TYPICAL";
:vpi_time_precision + 0;
:vpi_module "system";
:vpi_module "vhdl_sys";
:vpi_module "v2005_math";
:vpi_module "va_math";
S_0x26ecdd0 .scope module, "Seven_Segment" "Seven_Segment" 2 1;
 .timescale 0 0;
    .port_info 0 /INPUT 1 "CLK_IN"
    .port_info 1 /INPUT 1 "RST_N"
    .port_info 2 /OUTPUT 8 "OUTPUT"
P_0x272cf50 .param/l "A" 0 2 20, C4<1110111>;
P_0x272cf90 .param/l "B" 0 2 21, C4<0011111>;
P_0x272cfd0 .param/l "C" 0 2 22, C4<1001110>;
P_0x272d010 .param/l "D" 0 2 23, C4<0111100>;
P_0x272d050 .param/l "E" 0 2 24, C4<1001111>;
P_0x272d090 .param/l "F" 0 2 25, C4<1000111>;
P_0x272d0d0 .param/l "eight" 0 2 18, C4<1111111>;
P_0x272d110 .param/l "five" 0 2 15, C4<1011011>;
P_0x272d150 .param/l "four" 0 2 14, C4<0110011>;
P_0x272d190 .param/l "nine" 0 2 19, C4<1110011>;
P_0x272d1d0 .param/l "one" 0 2 11, C4<0110000>;
P_0x272d210 .param/l "seven" 0 2 17, C4<1110001>;
P_0x272d250 .param/l "six" 0 2 16, C4<1011111>;
P_0x272d290 .param/l "three" 0 2 13, C4<1111001>;
P_0x272d2d0 .param/l "time1" 0 2 8, C4<1011011100011011000000000>;
P_0x272d310 .param/l "two" 0 2 12, C4<1101101>;
P_0x272d350 .param/l "zero" 0 2 10, C4<1111000>;
o0x7f1fb9357018 .functor BUFZ 1, C4<z>; HiZ drive
v0x26ecf50_0 .net "CLK_IN", 0 0, o0x7f1fb9357018;  0 drivers
v0x274cfe0_0 .var "OUTPUT", 7 0;
o0x7f1fb9357078 .functor BUFZ 1, C4<z>; HiZ drive
v0x274d0c0_0 .net "RST_N", 0 0, o0x7f1fb9357078;  0 drivers
v0x274d190_0 .var "count", 24 0;
v0x274d270_0 .var "number", 3 0;
E_0x2722d70 .event posedge, v0x26ecf50_0;
    .scope S_0x26ecdd0;
T_0 ;
    %pushi/vec4 0, 0, 4;
    %store/vec4 v0x274d270_0, 0, 4;
    %end;
    .thread T_0;
    .scope S_0x26ecdd0;
T_1 ;
    %wait E_0x2722d70;
    %load/vec4 v0x274d0c0_0;
    %pad/u 32;
    %cmpi/e 0, 0, 32;
    %jmp/0xz  T_1.0, 4;
    %pushi/vec4 120, 0, 8;
    %assign/vec4 v0x274cfe0_0, 0;
    %pushi/vec4 0, 0, 4;
    %assign/vec4 v0x274d270_0, 0;
T_1.0 ;
    %load/vec4 v0x274d190_0;
    %cmpi/e 24000000, 0, 25;
    %jmp/0xz  T_1.2, 4;
    %load/vec4 v0x274d270_0;
    %cmpi/e 15, 0, 4;
    %jmp/0xz  T_1.4, 4;
    %load/vec4 v0x274d270_0;
    %addi 1, 0, 4;
    %assign/vec4 v0x274d270_0, 0;
    %jmp T_1.5;
T_1.4 ;
    %load/vec4 v0x274d270_0;
    %dup/vec4;
    %pushi/vec4 0, 0, 4;
    %cmp/u;
    %jmp/1 T_1.6, 6;
    %dup/vec4;
    %pushi/vec4 1, 0, 4;
    %cmp/u;
    %jmp/1 T_1.7, 6;
    %dup/vec4;
    %pushi/vec4 2, 0, 4;
    %cmp/u;
    %jmp/1 T_1.8, 6;
    %dup/vec4;
    %pushi/vec4 3, 0, 4;
    %cmp/u;
    %jmp/1 T_1.9, 6;
    %dup/vec4;
    %pushi/vec4 4, 0, 4;
    %cmp/u;
    %jmp/1 T_1.10, 6;
    %dup/vec4;
    %pushi/vec4 5, 0, 4;
    %cmp/u;
    %jmp/1 T_1.11, 6;
    %dup/vec4;
    %pushi/vec4 6, 0, 4;
    %cmp/u;
    %jmp/1 T_1.12, 6;
    %dup/vec4;
    %pushi/vec4 7, 0, 4;
    %cmp/u;
    %jmp/1 T_1.13, 6;
    %dup/vec4;
    %pushi/vec4 8, 0, 4;
    %cmp/u;
    %jmp/1 T_1.14, 6;
    %dup/vec4;
    %pushi/vec4 9, 0, 4;
    %cmp/u;
    %jmp/1 T_1.15, 6;
    %dup/vec4;
    %pushi/vec4 10, 0, 4;
    %cmp/u;
    %jmp/1 T_1.16, 6;
    %dup/vec4;
    %pushi/vec4 11, 0, 4;
    %cmp/u;
    %jmp/1 T_1.17, 6;
    %dup/vec4;
    %pushi/vec4 12, 0, 4;
    %cmp/u;
    %jmp/1 T_1.18, 6;
    %dup/vec4;
    %pushi/vec4 13, 0, 4;
    %cmp/u;
    %jmp/1 T_1.19, 6;
    %dup/vec4;
    %pushi/vec4 14, 0, 4;
    %cmp/u;
    %jmp/1 T_1.20, 6;
    %dup/vec4;
    %pushi/vec4 15, 0, 4;
    %cmp/u;
    %jmp/1 T_1.21, 6;
    %dup/vec4;
    %pushi/vec4 15, 0, 4;
    %cmp/u;
    %jmp/1 T_1.22, 6;
    %pushi/vec4 120, 0, 8;
    %assign/vec4 v0x274cfe0_0, 0;
    %jmp T_1.24;
T_1.6 ;
    %pushi/vec4 120, 0, 8;
    %assign/vec4 v0x274cfe0_0, 0;
    %jmp T_1.24;
T_1.7 ;
    %pushi/vec4 48, 0, 8;
    %assign/vec4 v0x274cfe0_0, 0;
    %jmp T_1.24;
T_1.8 ;
    %pushi/vec4 109, 0, 8;
    %assign/vec4 v0x274cfe0_0, 0;
    %jmp T_1.24;
T_1.9 ;
    %pushi/vec4 121, 0, 8;
    %assign/vec4 v0x274cfe0_0, 0;
    %jmp T_1.24;
T_1.10 ;
    %pushi/vec4 51, 0, 8;
    %assign/vec4 v0x274cfe0_0, 0;
    %jmp T_1.24;
T_1.11 ;
    %pushi/vec4 91, 0, 8;
    %assign/vec4 v0x274cfe0_0, 0;
    %jmp T_1.24;
T_1.12 ;
    %pushi/vec4 95, 0, 8;
    %assign/vec4 v0x274cfe0_0, 0;
    %jmp T_1.24;
T_1.13 ;
    %pushi/vec4 113, 0, 8;
    %assign/vec4 v0x274cfe0_0, 0;
    %jmp T_1.24;
T_1.14 ;
    %pushi/vec4 127, 0, 8;
    %assign/vec4 v0x274cfe0_0, 0;
    %jmp T_1.24;
T_1.15 ;
    %pushi/vec4 120, 0, 8;
    %assign/vec4 v0x274cfe0_0, 0;
    %jmp T_1.24;
T_1.16 ;
    %pushi/vec4 115, 0, 8;
    %assign/vec4 v0x274cfe0_0, 0;
    %jmp T_1.24;
T_1.17 ;
    %pushi/vec4 119, 0, 8;
    %assign/vec4 v0x274cfe0_0, 0;
    %jmp T_1.24;
T_1.18 ;
    %pushi/vec4 31, 0, 8;
    %assign/vec4 v0x274cfe0_0, 0;
    %jmp T_1.24;
T_1.19 ;
    %pushi/vec4 78, 0, 8;
    %assign/vec4 v0x274cfe0_0, 0;
    %jmp T_1.24;
T_1.20 ;
    %pushi/vec4 60, 0, 8;
    %assign/vec4 v0x274cfe0_0, 0;
    %jmp T_1.24;
T_1.21 ;
    %pushi/vec4 79, 0, 8;
    %assign/vec4 v0x274cfe0_0, 0;
    %jmp T_1.24;
T_1.22 ;
    %pushi/vec4 71, 0, 8;
    %assign/vec4 v0x274cfe0_0, 0;
    %jmp T_1.24;
T_1.24 ;
    %pop/vec4 1;
T_1.5 ;
    %jmp T_1.3;
T_1.2 ;
    %load/vec4 v0x274d190_0;
    %addi 1, 0, 25;
    %assign/vec4 v0x274d190_0, 0;
T_1.3 ;
    %jmp T_1;
    .thread T_1;
# The file index is used to find the file name in the following table.
:file_names 3;
    "N/A";
    "<interactive>";
    "Seven_Segment.v";
